lright
Alright
denies problems with
denies issues with
eats well
Eats well
Eating well
eating well
excellent
Excellent
fine
Fine
fair
Fair
Good
good
great
Great
has appetite
Has appetite
healthy
Healthy
intact
Intact
Not too bad
not too bad
no problem
no problems
No problems
No problem
no concerns
No concerns
no concern
No concern
No difficulties
no difficulties
No difficulty
no difficulty
No issue
No issues
no issue
no issues
normal
Normal
ok
okay
OK
Ok
reasonable
Reasonable 
Regular
regular
stable
Stable
satisfactory
Satisfactory
steady
Steady
Unremarkable
unremarkable
Unimpaired
unimpaired

